<?xml version="1.0" encoding="UTF-8"?>
<!-- Generated by org.testng.reporters.JUnitReportReporter -->
<testsuite skipped="0" hostname="LAPTOP-2NIBFOQN" name="com.training.Test.Contactstest" tests="1" failures="0" timestamp="2022-01-29T03:38:57 CST" time="40.735" errors="0">
  <testcase name="CheckingSaveandNewbutton" time="40.735" classname="com.training.Test.Contactstest"/>
  <system-out/>
</testsuite> <!-- com.training.Test.Contactstest -->
