<?xml version="1.0" encoding="UTF-8"?>
<!-- Generated by org.testng.reporters.JUnitReportReporter -->
<testsuite skipped="0" hostname="LAPTOP-2NIBFOQN" name="com.training.Test.LoginTest" tests="5" failures="0" timestamp="2022-02-07T13:17:27 CST" time="67.485" errors="0">
  <testcase name="LoginErrorMessage1" time="6.918" classname="com.training.Test.LoginTest"/>
  <system-out/>
  <testcase name="LoginToSalesForce2" time="11.698" classname="com.training.Test.LoginTest"/>
  <system-out/>
  <testcase name="Check_RemeberMe_3" time="15.140" classname="com.training.Test.LoginTest"/>
  <system-out/>
  <testcase name="Forgot_Password_4_A" time="22.786" classname="com.training.Test.LoginTest"/>
  <system-out/>
  <testcase name="Forgot_Password_4_B" time="10.943" classname="com.training.Test.LoginTest"/>
  <system-out/>
</testsuite> <!-- com.training.Test.LoginTest -->
