<?xml version="1.0" encoding="UTF-8"?>
<!-- Generated by org.testng.reporters.JUnitReportReporter -->
<testsuite skipped="0" hostname="LAPTOP-2NIBFOQN" name="com.training.contacttest.Contactstest" tests="8" failures="0" timestamp="2022-02-07T16:09:09 CST" time="275.004" errors="0">
  <testcase name="CreateNewcontact" time="52.488" classname="com.training.contacttest.Contactstest"/>
  <system-out/>
  <testcase name="Viewcontacts" time="31.042" classname="com.training.contacttest.Contactstest"/>
  <system-out/>
  <testcase name="CheckingSaveandNewbutton" time="41.745" classname="com.training.contacttest.Contactstest"/>
  <system-out/>
  <testcase name="Checkrecentlycreatedcontact" time="27.200" classname="com.training.contacttest.Contactstest"/>
  <system-out/>
  <testcase name="CheckMycontacts" time="28.125" classname="com.training.contacttest.Contactstest"/>
  <system-out/>
  <testcase name="ErrorMessage" time="35.169" classname="com.training.contacttest.Contactstest"/>
  <system-out/>
  <testcase name="CheckCancelButton" time="30.946" classname="com.training.contacttest.Contactstest"/>
  <system-out/>
  <testcase name="newviewinContactPage" time="28.289" classname="com.training.contacttest.Contactstest"/>
  <system-out/>
</testsuite> <!-- com.training.contacttest.Contactstest -->
