<?xml version="1.0" encoding="UTF-8"?>
<!-- Generated by org.testng.reporters.JUnitReportReporter -->
<testsuite skipped="0" hostname="LAPTOP-2NIBFOQN" name="com.training.loginTest.LoginTest" tests="5" failures="0" timestamp="2022-02-07T15:59:24 CST" time="60.239" errors="0">
  <testcase name="LoginErrorMessage1" time="7.062" classname="com.training.loginTest.LoginTest"/>
  <system-out/>
  <testcase name="LoginToSalesForce2" time="12.206" classname="com.training.loginTest.LoginTest"/>
  <system-out/>
  <testcase name="Check_RemeberMe_3" time="17.406" classname="com.training.loginTest.LoginTest"/>
  <system-out/>
  <testcase name="Forgot_Password_4_A" time="12.390" classname="com.training.loginTest.LoginTest"/>
  <system-out/>
  <testcase name="Forgot_Password_4_B" time="11.175" classname="com.training.loginTest.LoginTest"/>
  <system-out/>
</testsuite> <!-- com.training.loginTest.LoginTest -->
