<?xml version="1.0" encoding="UTF-8"?>
<!-- Generated by org.testng.reporters.JUnitReportReporter -->
<testsuite skipped="0" hostname="LAPTOP-2NIBFOQN" name="com.training.Test.Opportunitytest" tests="1" failures="0" timestamp="2022-01-30T00:46:49 CST" time="35.531" errors="0">
  <testcase name="QuarterlySummaryReport" time="35.531" classname="com.training.Test.Opportunitytest"/>
  <system-out/>
</testsuite> <!-- com.training.Test.Opportunitytest -->
