<?xml version="1.0" encoding="UTF-8"?>
<!-- Generated by org.testng.reporters.JUnitReportReporter -->
<testsuite skipped="0" hostname="LAPTOP-2NIBFOQN" name="com.training.Test.RandomScenariosTest" tests="1" failures="0" timestamp="2022-01-29T23:27:13 CST" time="22.747" errors="0">
  <testcase name="CreateNewcontact" time="22.747" classname="com.training.Test.RandomScenariosTest"/>
  <system-out/>
</testsuite> <!-- com.training.Test.RandomScenariosTest -->
